<li><em>2023-12-10 04:55:43</em>
APPLY FILTER <strong>sirsc_custom_upload_rule</strong> ( {"settings":"...","id":0,"type":"","parent_id":65,"parent_type":"professor"} )</li>
<li><em>2023-12-10 04:55:34</em>
DO ACTION <b>sirsc_attachment_images_ready</b> ( {"meta":"...","id":74} )</li>
<li><em>2023-12-10 04:55:34</em>
APPLY FILTER <strong>sirsc_computed_metadata_after_upload</strong> ( {"meta":"...","id":74} )</li>
<li><em>2023-12-10 04:55:32</em>
APPLY FILTER <strong>sirsc_custom_upload_rule</strong> ( {"settings":"...","id":74,"type":"attachment","parent_id":65,"parent_type":"professor"} )</li>
<li><em>2023-12-10 04:55:32</em>
DO ACTION <b>sirsc_image_processed</b> ( {"id":74,"size_name":"pageBanner"} )</li>
<li><em>2023-12-10 04:55:31</em>
DO ACTION <b>sirsc_image_processed</b> ( {"id":74,"size_name":"professorPortrait"} )</li>
<li><em>2023-12-10 04:55:31</em>
DO ACTION <b>sirsc_image_processed</b> ( {"id":74,"size_name":"professorLandscape"} )</li>
<li><em>2023-12-10 04:55:31</em>
DO ACTION <b>sirsc_image_processed</b> ( {"id":74,"size_name":"2048x2048"} )</li>
<li><em>2023-12-10 04:55:30</em>
DO ACTION <b>sirsc_image_processed</b> ( {"id":74,"size_name":"1536x1536"} )</li>
<li><em>2023-12-10 04:55:30</em>
DO ACTION <b>sirsc_image_processed</b> ( {"id":74,"size_name":"large"} )</li>
<li><em>2023-12-10 04:55:30</em>
DO ACTION <b>sirsc_image_processed</b> ( {"id":74,"size_name":"medium_large"} )</li>
<li><em>2023-12-10 04:55:30</em>
DO ACTION <b>sirsc_image_processed</b> ( {"id":74,"size_name":"medium"} )</li>
<li><em>2023-12-10 04:55:29</em>
DO ACTION <b>sirsc_image_processed</b> ( {"id":74,"size_name":"thumbnail"} )</li>
<li><em>2023-12-10 04:55:29</em>
APPLY FILTER <strong>sirsc_custom_upload_rule</strong> ( {"settings":"...","id":74,"type":"attachment","parent_id":65,"parent_type":"professor"} )</li>
<li><em>2023-12-10 04:52:57</em>
APPLY FILTER <strong>sirsc_custom_upload_rule</strong> ( {"settings":"...","id":0,"type":"","parent_id":65,"parent_type":"professor"} )</li>
<li><em>2023-12-10 04:41:22</em>
APPLY FILTER <strong>sirsc_custom_upload_rule</strong> ( {"settings":"...","id":67,"type":"attachment","parent_id":65,"parent_type":"professor"} )</li>
<li><em>2023-12-10 04:41:20</em>
APPLY FILTER <strong>sirsc_custom_upload_rule</strong> ( {"settings":"...","id":0,"type":"","parent_id":65,"parent_type":"professor"} )</li>
<li><em>2023-12-10 04:41:13</em>
APPLY FILTER <strong>sirsc_custom_upload_rule</strong> ( {"settings":"...","id":69,"type":"attachment","parent_id":64,"parent_type":"professor"} )</li>
<li><em>2023-12-10 04:41:12</em>
APPLY FILTER <strong>sirsc_custom_upload_rule</strong> ( {"settings":"...","id":69,"type":"attachment","parent_id":64,"parent_type":"professor"} )</li>
<li><em>2023-12-10 04:41:10</em>
APPLY FILTER <strong>sirsc_custom_upload_rule</strong> ( {"settings":"...","id":0,"type":"","parent_id":64,"parent_type":"professor"} )</li>
<li><em>2023-12-10 04:40:49</em>
APPLY FILTER <strong>sirsc_custom_upload_rule</strong> ( {"settings":"...","id":0,"type":"","parent_id":66,"parent_type":"professor"} )</li>
<li><em>2023-12-10 04:40:33</em>
APPLY FILTER <strong>sirsc_custom_upload_rule</strong> ( {"settings":"...","id":70,"type":"attachment","parent_id":66,"parent_type":"professor"} )</li>
<li><em>2023-12-10 04:40:33</em>
DO ACTION <b>sirsc_action_after_image_delete</b> ( 70 )</li>
<li><em>2023-12-10 04:40:33</em>
DO ACTION <b>sirsc_attachment_images_ready</b> ( {"meta":"...","id":70} )</li>
<li><em>2023-12-10 04:40:33</em>
DO ACTION <b>sirsc_image_processed</b> ( {"id":70,"size_name":"professorLandscape"} )</li>
<li><em>2023-12-10 04:40:33</em>
APPLY FILTER <strong>sirsc_custom_upload_rule</strong> ( {"settings":"...","id":70,"type":"attachment","parent_id":66,"parent_type":"professor"} )</li>
<li><em>2023-12-10 04:40:31</em>
APPLY FILTER <strong>sirsc_custom_upload_rule</strong> ( {"settings":"...","id":70,"type":"attachment","parent_id":66,"parent_type":"professor"} )</li>
<li><em>2023-12-10 04:40:31</em>
DO ACTION <b>sirsc_action_after_image_delete</b> ( 70 )</li>
<li><em>2023-12-10 04:40:31</em>
DO ACTION <b>sirsc_attachment_images_ready</b> ( {"meta":"...","id":70} )</li>
<li><em>2023-12-10 04:40:31</em>
DO ACTION <b>sirsc_image_processed</b> ( {"id":70,"size_name":"professorLandscape"} )</li>
<li><em>2023-12-10 04:40:31</em>
APPLY FILTER <strong>sirsc_custom_upload_rule</strong> ( {"settings":"...","id":70,"type":"attachment","parent_id":66,"parent_type":"professor"} )</li>
<li><em>2023-12-10 04:40:25</em>
APPLY FILTER <strong>sirsc_custom_upload_rule</strong> ( {"settings":"...","id":70,"type":"attachment","parent_id":66,"parent_type":"professor"} )</li>
<li><em>2023-12-10 04:40:25</em>
DO ACTION <b>sirsc_action_after_image_delete</b> ( 70 )</li>
<li><em>2023-12-10 04:40:25</em>
DO ACTION <b>sirsc_attachment_images_ready</b> ( {"meta":"...","id":70} )</li>
<li><em>2023-12-10 04:40:25</em>
DO ACTION <b>sirsc_image_processed</b> ( {"id":70,"size_name":"professorLandscape"} )</li>
<li><em>2023-12-10 04:40:24</em>
APPLY FILTER <strong>sirsc_custom_upload_rule</strong> ( {"settings":"...","id":70,"type":"attachment","parent_id":66,"parent_type":"professor"} )</li>
<li><em>2023-12-10 04:40:17</em>
APPLY FILTER <strong>sirsc_custom_upload_rule</strong> ( {"settings":"...","id":70,"type":"attachment","parent_id":66,"parent_type":"professor"} )</li>
<li><em>2023-12-10 04:39:57</em>
APPLY FILTER <strong>sirsc_custom_upload_rule</strong> ( {"settings":"...","id":0,"type":"","parent_id":66,"parent_type":"professor"} )</li>
