[29-Nov-2023 00:11:09 UTC] PHP Fatal error:  Uncaught ArgumentCountError: Too few arguments to function add_action(), 0 passed in C:\Users\never\Local Sites\fictional-university\app\public\wp-content\themes\fictional-university-theme\functions.php on line 2 and at least 2 expected in C:\Users\never\Local Sites\fictional-university\app\public\wp-includes\plugin.php:441
Stack trace:
#0 C:\Users\never\Local Sites\fictional-university\app\public\wp-content\themes\fictional-university-theme\functions.php(2): add_action()
#1 C:\Users\never\Local Sites\fictional-university\app\public\wp-settings.php(611): include('C:\\Users\\never\\...')
#2 C:\Users\never\Local Sites\fictional-university\app\public\wp-config.php(103): require_once('C:\\Users\\never\\...')
#3 C:\Users\never\Local Sites\fictional-university\app\public\wp-load.php(50): require_once('C:\\Users\\never\\...')
#4 C:\Users\never\Local Sites\fictional-university\app\public\wp-admin\admin-ajax.php(22): require_once('C:\\Users\\never\\...')
#5 {main}
  thrown in C:\Users\never\Local Sites\fictional-university\app\public\wp-includes\plugin.php on line 441
[29-Nov-2023 00:13:10 UTC] PHP Parse error:  syntax error, unexpected identifier "university_files" in C:\Users\never\Local Sites\fictional-university\app\public\wp-content\themes\fictional-university-theme\functions.php on line 3
[29-Nov-2023 00:13:10 UTC] PHP Warning:  Trying to access array offset on value of type bool in C:\Users\never\Local Sites\fictional-university\app\public\wp-includes\class-wp-recovery-mode-email-service.php on line 367
[29-Nov-2023 00:13:10 UTC] PHP Warning:  Trying to access array offset on value of type bool in C:\Users\never\Local Sites\fictional-university\app\public\wp-includes\class-wp-recovery-mode-email-service.php on line 368
[29-Nov-2023 00:45:41 UTC] PHP Parse error:  syntax error, unexpected identifier "l" in C:\Users\never\Local Sites\fictional-university\app\public\wp-content\themes\fictional-university-theme\page.php on line 32
[29-Nov-2023 00:49:28 UTC] PHP Fatal error:  Uncaught TypeError: call_user_func_array(): Argument #1 ($callback) must be a valid callback, function "university-features" not found or invalid function name in C:\Users\never\Local Sites\fictional-university\app\public\wp-includes\class-wp-hook.php:324
Stack trace:
#0 C:\Users\never\Local Sites\fictional-university\app\public\wp-includes\class-wp-hook.php(348): WP_Hook->apply_filters(NULL, Array)
#1 C:\Users\never\Local Sites\fictional-university\app\public\wp-includes\plugin.php(517): WP_Hook->do_action(Array)
#2 C:\Users\never\Local Sites\fictional-university\app\public\wp-settings.php(621): do_action('after_setup_the...')
#3 C:\Users\never\Local Sites\fictional-university\app\public\wp-config.php(103): require_once('C:\\Users\\never\\...')
#4 C:\Users\never\Local Sites\fictional-university\app\public\wp-load.php(50): require_once('C:\\Users\\never\\...')
#5 C:\Users\never\Local Sites\fictional-university\app\public\wp-blog-header.php(13): require_once('C:\\Users\\never\\...')
#6 C:\Users\never\Local Sites\fictional-university\app\public\index.php(17): require('C:\\Users\\never\\...')
#7 {main}
  thrown in C:\Users\never\Local Sites\fictional-university\app\public\wp-includes\class-wp-hook.php on line 324
[29-Nov-2023 00:49:28 UTC] PHP Fatal error:  Uncaught TypeError: call_user_func_array(): Argument #1 ($callback) must be a valid callback, function "university-features" not found or invalid function name in C:\Users\never\Local Sites\fictional-university\app\public\wp-includes\class-wp-hook.php:324
Stack trace:
#0 C:\Users\never\Local Sites\fictional-university\app\public\wp-includes\class-wp-hook.php(348): WP_Hook->apply_filters(NULL, Array)
#1 C:\Users\never\Local Sites\fictional-university\app\public\wp-includes\plugin.php(517): WP_Hook->do_action(Array)
#2 C:\Users\never\Local Sites\fictional-university\app\public\wp-settings.php(621): do_action('after_setup_the...')
#3 C:\Users\never\Local Sites\fictional-university\app\public\wp-config.php(103): require_once('C:\\Users\\never\\...')
#4 C:\Users\never\Local Sites\fictional-university\app\public\wp-load.php(50): require_once('C:\\Users\\never\\...')
#5 C:\Users\never\Local Sites\fictional-university\app\public\wp-blog-header.php(13): require_once('C:\\Users\\never\\...')
#6 C:\Users\never\Local Sites\fictional-university\app\public\index.php(17): require('C:\\Users\\never\\...')
#7 {main}
  thrown in C:\Users\never\Local Sites\fictional-university\app\public\wp-includes\class-wp-hook.php on line 324
[29-Nov-2023 00:50:06 UTC] PHP Fatal error:  Uncaught TypeError: call_user_func_array(): Argument #1 ($callback) must be a valid callback, function "university-features" not found or invalid function name in C:\Users\never\Local Sites\fictional-university\app\public\wp-includes\class-wp-hook.php:324
Stack trace:
#0 C:\Users\never\Local Sites\fictional-university\app\public\wp-includes\class-wp-hook.php(348): WP_Hook->apply_filters(NULL, Array)
#1 C:\Users\never\Local Sites\fictional-university\app\public\wp-includes\plugin.php(517): WP_Hook->do_action(Array)
#2 C:\Users\never\Local Sites\fictional-university\app\public\wp-settings.php(621): do_action('after_setup_the...')
#3 C:\Users\never\Local Sites\fictional-university\app\public\wp-config.php(103): require_once('C:\\Users\\never\\...')
#4 C:\Users\never\Local Sites\fictional-university\app\public\wp-load.php(50): require_once('C:\\Users\\never\\...')
#5 C:\Users\never\Local Sites\fictional-university\app\public\wp-blog-header.php(13): require_once('C:\\Users\\never\\...')
#6 C:\Users\never\Local Sites\fictional-university\app\public\index.php(17): require('C:\\Users\\never\\...')
#7 {main}
  thrown in C:\Users\never\Local Sites\fictional-university\app\public\wp-includes\class-wp-hook.php on line 324
[29-Nov-2023 00:50:06 UTC] PHP Fatal error:  Uncaught TypeError: call_user_func_array(): Argument #1 ($callback) must be a valid callback, function "university-features" not found or invalid function name in C:\Users\never\Local Sites\fictional-university\app\public\wp-includes\class-wp-hook.php:324
Stack trace:
#0 C:\Users\never\Local Sites\fictional-university\app\public\wp-includes\class-wp-hook.php(348): WP_Hook->apply_filters(NULL, Array)
#1 C:\Users\never\Local Sites\fictional-university\app\public\wp-includes\plugin.php(517): WP_Hook->do_action(Array)
#2 C:\Users\never\Local Sites\fictional-university\app\public\wp-settings.php(621): do_action('after_setup_the...')
#3 C:\Users\never\Local Sites\fictional-university\app\public\wp-config.php(103): require_once('C:\\Users\\never\\...')
#4 C:\Users\never\Local Sites\fictional-university\app\public\wp-load.php(50): require_once('C:\\Users\\never\\...')
#5 C:\Users\never\Local Sites\fictional-university\app\public\wp-blog-header.php(13): require_once('C:\\Users\\never\\...')
#6 C:\Users\never\Local Sites\fictional-university\app\public\index.php(17): require('C:\\Users\\never\\...')
#7 {main}
  thrown in C:\Users\never\Local Sites\fictional-university\app\public\wp-includes\class-wp-hook.php on line 324
[29-Nov-2023 00:51:05 UTC] PHP Fatal error:  Uncaught TypeError: call_user_func_array(): Argument #1 ($callback) must be a valid callback, function "university-features" not found or invalid function name in C:\Users\never\Local Sites\fictional-university\app\public\wp-includes\class-wp-hook.php:324
Stack trace:
#0 C:\Users\never\Local Sites\fictional-university\app\public\wp-includes\class-wp-hook.php(348): WP_Hook->apply_filters(NULL, Array)
#1 C:\Users\never\Local Sites\fictional-university\app\public\wp-includes\plugin.php(517): WP_Hook->do_action(Array)
#2 C:\Users\never\Local Sites\fictional-university\app\public\wp-settings.php(621): do_action('after_setup_the...')
#3 C:\Users\never\Local Sites\fictional-university\app\public\wp-config.php(103): require_once('C:\\Users\\never\\...')
#4 C:\Users\never\Local Sites\fictional-university\app\public\wp-load.php(50): require_once('C:\\Users\\never\\...')
#5 C:\Users\never\Local Sites\fictional-university\app\public\wp-blog-header.php(13): require_once('C:\\Users\\never\\...')
#6 C:\Users\never\Local Sites\fictional-university\app\public\index.php(17): require('C:\\Users\\never\\...')
#7 {main}
  thrown in C:\Users\never\Local Sites\fictional-university\app\public\wp-includes\class-wp-hook.php on line 324
[29-Nov-2023 00:51:05 UTC] PHP Fatal error:  Uncaught TypeError: call_user_func_array(): Argument #1 ($callback) must be a valid callback, function "university-features" not found or invalid function name in C:\Users\never\Local Sites\fictional-university\app\public\wp-includes\class-wp-hook.php:324
Stack trace:
#0 C:\Users\never\Local Sites\fictional-university\app\public\wp-includes\class-wp-hook.php(348): WP_Hook->apply_filters(NULL, Array)
#1 C:\Users\never\Local Sites\fictional-university\app\public\wp-includes\plugin.php(517): WP_Hook->do_action(Array)
#2 C:\Users\never\Local Sites\fictional-university\app\public\wp-settings.php(621): do_action('after_setup_the...')
#3 C:\Users\never\Local Sites\fictional-university\app\public\wp-config.php(103): require_once('C:\\Users\\never\\...')
#4 C:\Users\never\Local Sites\fictional-university\app\public\wp-load.php(50): require_once('C:\\Users\\never\\...')
#5 C:\Users\never\Local Sites\fictional-university\app\public\wp-blog-header.php(13): require_once('C:\\Users\\never\\...')
#6 C:\Users\never\Local Sites\fictional-university\app\public\index.php(17): require('C:\\Users\\never\\...')
#7 {main}
  thrown in C:\Users\never\Local Sites\fictional-university\app\public\wp-includes\class-wp-hook.php on line 324
